  [1m[35m (0.6ms)[0m  [1m[34mSELECT sqlite_version(*)[0m
  ↳ /Users/nyeinchankyaw/.rbenv/versions/2.6.3/bin/Rake:23
  [1m[35m (2.1ms)[0m  [1m[35mCREATE TABLE "schema_migrations" ("version" varchar NOT NULL PRIMARY KEY)[0m
  ↳ /Users/nyeinchankyaw/.rbenv/versions/2.6.3/bin/Rake:23
  [1m[35m (1.2ms)[0m  [1m[35mCREATE TABLE "ar_internal_metadata" ("key" varchar NOT NULL PRIMARY KEY, "value" varchar, "created_at" datetime NOT NULL, "updated_at" datetime NOT NULL)[0m
  ↳ /Users/nyeinchankyaw/.rbenv/versions/2.6.3/bin/Rake:23
  [1m[35m (0.2ms)[0m  [1m[34mSELECT "schema_migrations"."version" FROM "schema_migrations" ORDER BY "schema_migrations"."version" ASC[0m
  ↳ /Users/nyeinchankyaw/.rbenv/versions/2.6.3/bin/Rake:23
Migrating to CreateSignups (20190702181825)
  [1m[35m (0.1ms)[0m  [1m[36mbegin transaction[0m
  ↳ /Users/nyeinchankyaw/.rbenv/versions/2.6.3/bin/Rake:23
  [1m[35m (0.5ms)[0m  [1m[35mCREATE TABLE "signups" ("id" integer PRIMARY KEY AUTOINCREMENT NOT NULL, "email" varchar, "created_at" datetime NOT NULL, "updated_at" datetime NOT NULL)[0m
  ↳ db/migrate/20190702181825_create_signups.rb:3
  [1m[36mActiveRecord::SchemaMigration Create (0.2ms)[0m  [1m[32mINSERT INTO "schema_migrations" ("version") VALUES (?)[0m  [["version", "20190702181825"]]
  ↳ /Users/nyeinchankyaw/.rbenv/versions/2.6.3/bin/Rake:23
  [1m[35m (1.2ms)[0m  [1m[36mcommit transaction[0m
  ↳ /Users/nyeinchankyaw/.rbenv/versions/2.6.3/bin/Rake:23
  [1m[36mActiveRecord::InternalMetadata Load (0.3ms)[0m  [1m[34mSELECT  "ar_internal_metadata".* FROM "ar_internal_metadata" WHERE "ar_internal_metadata"."key" = ? LIMIT ?[0m  [["key", "environment"], ["LIMIT", 1]]
  ↳ /Users/nyeinchankyaw/.rbenv/versions/2.6.3/bin/Rake:23
  [1m[35m (0.1ms)[0m  [1m[36mbegin transaction[0m
  ↳ /Users/nyeinchankyaw/.rbenv/versions/2.6.3/bin/Rake:23
  [1m[36mActiveRecord::InternalMetadata Create (0.5ms)[0m  [1m[32mINSERT INTO "ar_internal_metadata" ("key", "value", "created_at", "updated_at") VALUES (?, ?, ?, ?)[0m  [["key", "environment"], ["value", "development"], ["created_at", "2019-07-02 18:28:10.272140"], ["updated_at", "2019-07-02 18:28:10.272140"]]
  ↳ /Users/nyeinchankyaw/.rbenv/versions/2.6.3/bin/Rake:23
  [1m[35m (0.9ms)[0m  [1m[36mcommit transaction[0m
  ↳ /Users/nyeinchankyaw/.rbenv/versions/2.6.3/bin/Rake:23
  [1m[35m (0.3ms)[0m  [1m[34mSELECT "schema_migrations"."version" FROM "schema_migrations" ORDER BY "schema_migrations"."version" ASC[0m
  ↳ /Users/nyeinchankyaw/.rbenv/versions/2.6.3/bin/Rake:23
Started GET "/" for ::1 at 2019-07-02 15:22:17 -0400
  [1m[35m (0.5ms)[0m  [1m[34mSELECT "schema_migrations"."version" FROM "schema_migrations" ORDER BY "schema_migrations"."version" ASC[0m
  ↳ /Users/nyeinchankyaw/.rbenv/versions/2.6.3/lib/ruby/gems/2.6.0/gems/activerecord-5.2.3/lib/active_record/log_subscriber.rb:98
Processing by SignupsController#new as HTML
  Rendering signups/new.html.erb within layouts/application
  Rendered signups/new.html.erb within layouts/application (23.6ms)
Completed 200 OK in 611ms (Views: 577.2ms | ActiveRecord: 1.0ms)


Started POST "/signups" for ::1 at 2019-07-02 15:22:24 -0400
  
AbstractController::ActionNotFound (The action 'create' could not be found for SignupsController):
  
actionpack (5.2.3) lib/abstract_controller/base.rb:129:in `process'
actionview (5.2.3) lib/action_view/rendering.rb:32:in `process'
actionpack (5.2.3) lib/action_controller/metal.rb:191:in `dispatch'
actionpack (5.2.3) lib/action_controller/metal.rb:252:in `dispatch'
actionpack (5.2.3) lib/action_dispatch/routing/route_set.rb:52:in `dispatch'
actionpack (5.2.3) lib/action_dispatch/routing/route_set.rb:34:in `serve'
actionpack (5.2.3) lib/action_dispatch/journey/router.rb:52:in `block in serve'
actionpack (5.2.3) lib/action_dispatch/journey/router.rb:35:in `each'
actionpack (5.2.3) lib/action_dispatch/journey/router.rb:35:in `serve'
actionpack (5.2.3) lib/action_dispatch/routing/route_set.rb:840:in `call'
rack (2.0.7) lib/rack/tempfile_reaper.rb:15:in `call'
rack (2.0.7) lib/rack/etag.rb:25:in `call'
rack (2.0.7) lib/rack/conditional_get.rb:38:in `call'
rack (2.0.7) lib/rack/head.rb:12:in `call'
actionpack (5.2.3) lib/action_dispatch/http/content_security_policy.rb:18:in `call'
rack (2.0.7) lib/rack/session/abstract/id.rb:232:in `context'
rack (2.0.7) lib/rack/session/abstract/id.rb:226:in `call'
actionpack (5.2.3) lib/action_dispatch/middleware/cookies.rb:670:in `call'
activerecord (5.2.3) lib/active_record/migration.rb:559:in `call'
actionpack (5.2.3) lib/action_dispatch/middleware/callbacks.rb:28:in `block in call'
activesupport (5.2.3) lib/active_support/callbacks.rb:98:in `run_callbacks'
actionpack (5.2.3) lib/action_dispatch/middleware/callbacks.rb:26:in `call'
actionpack (5.2.3) lib/action_dispatch/middleware/executor.rb:14:in `call'
actionpack (5.2.3) lib/action_dispatch/middleware/debug_exceptions.rb:61:in `call'
web-console (3.7.0) lib/web_console/middleware.rb:135:in `call_app'
web-console (3.7.0) lib/web_console/middleware.rb:30:in `block in call'
web-console (3.7.0) lib/web_console/middleware.rb:20:in `catch'
web-console (3.7.0) lib/web_console/middleware.rb:20:in `call'
actionpack (5.2.3) lib/action_dispatch/middleware/show_exceptions.rb:33:in `call'
railties (5.2.3) lib/rails/rack/logger.rb:38:in `call_app'
railties (5.2.3) lib/rails/rack/logger.rb:26:in `block in call'
activesupport (5.2.3) lib/active_support/tagged_logging.rb:71:in `block in tagged'
activesupport (5.2.3) lib/active_support/tagged_logging.rb:28:in `tagged'
activesupport (5.2.3) lib/active_support/tagged_logging.rb:71:in `tagged'
railties (5.2.3) lib/rails/rack/logger.rb:26:in `call'
sprockets-rails (3.2.1) lib/sprockets/rails/quiet_assets.rb:13:in `call'
actionpack (5.2.3) lib/action_dispatch/middleware/remote_ip.rb:81:in `call'
actionpack (5.2.3) lib/action_dispatch/middleware/request_id.rb:27:in `call'
rack (2.0.7) lib/rack/method_override.rb:22:in `call'
rack (2.0.7) lib/rack/runtime.rb:22:in `call'
activesupport (5.2.3) lib/active_support/cache/strategy/local_cache_middleware.rb:29:in `call'
actionpack (5.2.3) lib/action_dispatch/middleware/executor.rb:14:in `call'
actionpack (5.2.3) lib/action_dispatch/middleware/static.rb:127:in `call'
rack (2.0.7) lib/rack/sendfile.rb:111:in `call'
railties (5.2.3) lib/rails/engine.rb:524:in `call'
puma (3.12.1) lib/puma/configuration.rb:227:in `call'
puma (3.12.1) lib/puma/server.rb:660:in `handle_request'
puma (3.12.1) lib/puma/server.rb:474:in `process_client'
puma (3.12.1) lib/puma/server.rb:334:in `block in run'
puma (3.12.1) lib/puma/thread_pool.rb:135:in `block in spawn_thread'
Started GET "/" for ::1 at 2019-07-02 15:34:33 -0400
  [1m[35m (0.5ms)[0m  [1m[34mSELECT "schema_migrations"."version" FROM "schema_migrations" ORDER BY "schema_migrations"."version" ASC[0m
  ↳ /Users/nyeinchankyaw/.rbenv/versions/2.6.3/lib/ruby/gems/2.6.0/gems/activerecord-5.2.3/lib/active_record/log_subscriber.rb:98
  
SyntaxError (/Users/nyeinchankyaw/Documents/rails_applications/suscribers/app/controllers/signups_controller.rb:18: syntax error, unexpected end, expecting end-of-input):
  
app/controllers/signups_controller.rb:18: syntax error, unexpected end, expecting end-of-input
Started GET "/" for ::1 at 2019-07-02 15:36:50 -0400
  [1m[35m (0.4ms)[0m  [1m[34mSELECT "schema_migrations"."version" FROM "schema_migrations" ORDER BY "schema_migrations"."version" ASC[0m
  ↳ /Users/nyeinchankyaw/.rbenv/versions/2.6.3/lib/ruby/gems/2.6.0/gems/activerecord-5.2.3/lib/active_record/log_subscriber.rb:98
Processing by SignupsController#new as HTML
  Rendering signups/new.html.erb within layouts/application
  Rendered signups/new.html.erb within layouts/application (8.3ms)
Completed 200 OK in 304ms (Views: 268.0ms | ActiveRecord: 0.7ms)


Started POST "/signups" for ::1 at 2019-07-02 15:37:00 -0400
Processing by SignupsController#create as HTML
  Parameters: {"utf8"=>"✓", "authenticity_token"=>"QLz6YYCA1lRSZZY0whilLnHwizHja3Qrt0O6h9YF3g6sAgXNfoWZadtrClIcCT96Sqm10+f/gtY2Lbh0cEz/Iw==", "signup"=>{"email"=>"sdsd@gmail.com"}, "commit"=>"Join"}
  [1m[35m (0.1ms)[0m  [1m[36mbegin transaction[0m
  ↳ app/controllers/signups_controller.rb:8
  [1m[36mSignup Create (1.8ms)[0m  [1m[32mINSERT INTO "signups" ("email", "created_at", "updated_at") VALUES (?, ?, ?)[0m  [["email", "sdsd@gmail.com"], ["created_at", "2019-07-02 19:37:00.371271"], ["updated_at", "2019-07-02 19:37:00.371271"]]
  ↳ app/controllers/signups_controller.rb:8
  [1m[35m (1.5ms)[0m  [1m[36mcommit transaction[0m
  ↳ app/controllers/signups_controller.rb:8
Redirected to http://localhost:3000/thanks
Completed 302 Found in 8ms (ActiveRecord: 3.4ms)


Started GET "/thanks" for ::1 at 2019-07-02 15:37:00 -0400
Processing by PagesController#thanks as HTML
  Rendering pages/thanks.html.erb within layouts/application
  Rendered pages/thanks.html.erb within layouts/application (0.6ms)
Completed 200 OK in 26ms (Views: 23.3ms | ActiveRecord: 0.0ms)


  [1m[36mSignup Load (0.6ms)[0m  [1m[34mSELECT  "signups".* FROM "signups" LIMIT ?[0m  [["LIMIT", 11]]
  [1m[36mSignup Load (0.5ms)[0m  [1m[34mSELECT  "signups".* FROM "signups" LIMIT ?[0m  [["LIMIT", 11]]
Started GET "/" for ::1 at 2019-07-02 18:25:46 -0400
  [1m[35m (0.5ms)[0m  [1m[34mSELECT "schema_migrations"."version" FROM "schema_migrations" ORDER BY "schema_migrations"."version" ASC[0m
  ↳ /Users/nyeinchankyaw/.rbenv/versions/2.6.3/lib/ruby/gems/2.6.0/gems/activerecord-5.2.3/lib/active_record/log_subscriber.rb:98
Processing by SignupsController#new as HTML
  Rendering signups/new.html.erb within layouts/application
  Rendered signups/new.html.erb within layouts/application (9.4ms)
Completed 200 OK in 409ms (Views: 373.2ms | ActiveRecord: 0.8ms)


  
ActionController::RoutingError (No route matches [GET] "/assets/app/assets/images/grey_white.jpg"):
  
actionpack (5.2.3) lib/action_dispatch/middleware/debug_exceptions.rb:65:in `call'
web-console (3.7.0) lib/web_console/middleware.rb:135:in `call_app'
web-console (3.7.0) lib/web_console/middleware.rb:30:in `block in call'
web-console (3.7.0) lib/web_console/middleware.rb:20:in `catch'
web-console (3.7.0) lib/web_console/middleware.rb:20:in `call'
actionpack (5.2.3) lib/action_dispatch/middleware/show_exceptions.rb:33:in `call'
railties (5.2.3) lib/rails/rack/logger.rb:38:in `call_app'
railties (5.2.3) lib/rails/rack/logger.rb:26:in `block in call'
activesupport (5.2.3) lib/active_support/tagged_logging.rb:71:in `block in tagged'
activesupport (5.2.3) lib/active_support/tagged_logging.rb:28:in `tagged'
activesupport (5.2.3) lib/active_support/tagged_logging.rb:71:in `tagged'
railties (5.2.3) lib/rails/rack/logger.rb:26:in `call'
sprockets-rails (3.2.1) lib/sprockets/rails/quiet_assets.rb:11:in `block in call'
activesupport (5.2.3) lib/active_support/logger_silence.rb:21:in `silence'
activesupport (5.2.3) lib/active_support/logger.rb:65:in `block (3 levels) in broadcast'
activesupport (5.2.3) lib/active_support/logger_silence.rb:21:in `silence'
activesupport (5.2.3) lib/active_support/logger.rb:63:in `block (2 levels) in broadcast'
sprockets-rails (3.2.1) lib/sprockets/rails/quiet_assets.rb:11:in `call'
actionpack (5.2.3) lib/action_dispatch/middleware/remote_ip.rb:81:in `call'
actionpack (5.2.3) lib/action_dispatch/middleware/request_id.rb:27:in `call'
rack (2.0.7) lib/rack/method_override.rb:22:in `call'
rack (2.0.7) lib/rack/runtime.rb:22:in `call'
activesupport (5.2.3) lib/active_support/cache/strategy/local_cache_middleware.rb:29:in `call'
actionpack (5.2.3) lib/action_dispatch/middleware/executor.rb:14:in `call'
actionpack (5.2.3) lib/action_dispatch/middleware/static.rb:127:in `call'
rack (2.0.7) lib/rack/sendfile.rb:111:in `call'
railties (5.2.3) lib/rails/engine.rb:524:in `call'
puma (3.12.1) lib/puma/configuration.rb:227:in `call'
puma (3.12.1) lib/puma/server.rb:660:in `handle_request'
puma (3.12.1) lib/puma/server.rb:474:in `process_client'
puma (3.12.1) lib/puma/server.rb:334:in `block in run'
puma (3.12.1) lib/puma/thread_pool.rb:135:in `block in spawn_thread'
Started GET "/" for ::1 at 2019-07-02 18:26:42 -0400
Processing by SignupsController#new as HTML
  Rendering signups/new.html.erb within layouts/application
  Rendered signups/new.html.erb within layouts/application (5.5ms)
Completed 200 OK in 95ms (Views: 89.0ms | ActiveRecord: 0.0ms)


  
ActionController::RoutingError (No route matches [GET] "/assets/images/grey_white.jpg"):
  
actionpack (5.2.3) lib/action_dispatch/middleware/debug_exceptions.rb:65:in `call'
web-console (3.7.0) lib/web_console/middleware.rb:135:in `call_app'
web-console (3.7.0) lib/web_console/middleware.rb:30:in `block in call'
web-console (3.7.0) lib/web_console/middleware.rb:20:in `catch'
web-console (3.7.0) lib/web_console/middleware.rb:20:in `call'
actionpack (5.2.3) lib/action_dispatch/middleware/show_exceptions.rb:33:in `call'
railties (5.2.3) lib/rails/rack/logger.rb:38:in `call_app'
railties (5.2.3) lib/rails/rack/logger.rb:26:in `block in call'
activesupport (5.2.3) lib/active_support/tagged_logging.rb:71:in `block in tagged'
activesupport (5.2.3) lib/active_support/tagged_logging.rb:28:in `tagged'
activesupport (5.2.3) lib/active_support/tagged_logging.rb:71:in `tagged'
railties (5.2.3) lib/rails/rack/logger.rb:26:in `call'
sprockets-rails (3.2.1) lib/sprockets/rails/quiet_assets.rb:11:in `block in call'
activesupport (5.2.3) lib/active_support/logger_silence.rb:21:in `silence'
activesupport (5.2.3) lib/active_support/logger.rb:65:in `block (3 levels) in broadcast'
activesupport (5.2.3) lib/active_support/logger_silence.rb:21:in `silence'
activesupport (5.2.3) lib/active_support/logger.rb:63:in `block (2 levels) in broadcast'
sprockets-rails (3.2.1) lib/sprockets/rails/quiet_assets.rb:11:in `call'
actionpack (5.2.3) lib/action_dispatch/middleware/remote_ip.rb:81:in `call'
actionpack (5.2.3) lib/action_dispatch/middleware/request_id.rb:27:in `call'
rack (2.0.7) lib/rack/method_override.rb:22:in `call'
rack (2.0.7) lib/rack/runtime.rb:22:in `call'
activesupport (5.2.3) lib/active_support/cache/strategy/local_cache_middleware.rb:29:in `call'
actionpack (5.2.3) lib/action_dispatch/middleware/executor.rb:14:in `call'
actionpack (5.2.3) lib/action_dispatch/middleware/static.rb:127:in `call'
rack (2.0.7) lib/rack/sendfile.rb:111:in `call'
railties (5.2.3) lib/rails/engine.rb:524:in `call'
puma (3.12.1) lib/puma/configuration.rb:227:in `call'
puma (3.12.1) lib/puma/server.rb:660:in `handle_request'
puma (3.12.1) lib/puma/server.rb:474:in `process_client'
puma (3.12.1) lib/puma/server.rb:334:in `block in run'
puma (3.12.1) lib/puma/thread_pool.rb:135:in `block in spawn_thread'
Started GET "/" for ::1 at 2019-07-02 18:28:03 -0400
  [1m[35m (0.6ms)[0m  [1m[34mSELECT "schema_migrations"."version" FROM "schema_migrations" ORDER BY "schema_migrations"."version" ASC[0m
  ↳ /Users/nyeinchankyaw/.rbenv/versions/2.6.3/lib/ruby/gems/2.6.0/gems/activerecord-5.2.3/lib/active_record/log_subscriber.rb:98
Processing by SignupsController#new as HTML
  Rendering signups/new.html.erb within layouts/application
  Rendered signups/new.html.erb within layouts/application (7.5ms)
Completed 200 OK in 291ms (Views: 256.8ms | ActiveRecord: 0.9ms)


  
ActionController::RoutingError (No route matches [GET] "/assets/images/grey_white.jpg"):
  
actionpack (5.2.3) lib/action_dispatch/middleware/debug_exceptions.rb:65:in `call'
web-console (3.7.0) lib/web_console/middleware.rb:135:in `call_app'
web-console (3.7.0) lib/web_console/middleware.rb:30:in `block in call'
web-console (3.7.0) lib/web_console/middleware.rb:20:in `catch'
web-console (3.7.0) lib/web_console/middleware.rb:20:in `call'
actionpack (5.2.3) lib/action_dispatch/middleware/show_exceptions.rb:33:in `call'
railties (5.2.3) lib/rails/rack/logger.rb:38:in `call_app'
railties (5.2.3) lib/rails/rack/logger.rb:26:in `block in call'
activesupport (5.2.3) lib/active_support/tagged_logging.rb:71:in `block in tagged'
activesupport (5.2.3) lib/active_support/tagged_logging.rb:28:in `tagged'
activesupport (5.2.3) lib/active_support/tagged_logging.rb:71:in `tagged'
railties (5.2.3) lib/rails/rack/logger.rb:26:in `call'
sprockets-rails (3.2.1) lib/sprockets/rails/quiet_assets.rb:11:in `block in call'
activesupport (5.2.3) lib/active_support/logger_silence.rb:21:in `silence'
activesupport (5.2.3) lib/active_support/logger.rb:65:in `block (3 levels) in broadcast'
activesupport (5.2.3) lib/active_support/logger_silence.rb:21:in `silence'
activesupport (5.2.3) lib/active_support/logger.rb:63:in `block (2 levels) in broadcast'
sprockets-rails (3.2.1) lib/sprockets/rails/quiet_assets.rb:11:in `call'
actionpack (5.2.3) lib/action_dispatch/middleware/remote_ip.rb:81:in `call'
actionpack (5.2.3) lib/action_dispatch/middleware/request_id.rb:27:in `call'
rack (2.0.7) lib/rack/method_override.rb:22:in `call'
rack (2.0.7) lib/rack/runtime.rb:22:in `call'
activesupport (5.2.3) lib/active_support/cache/strategy/local_cache_middleware.rb:29:in `call'
actionpack (5.2.3) lib/action_dispatch/middleware/executor.rb:14:in `call'
actionpack (5.2.3) lib/action_dispatch/middleware/static.rb:127:in `call'
rack (2.0.7) lib/rack/sendfile.rb:111:in `call'
railties (5.2.3) lib/rails/engine.rb:524:in `call'
puma (3.12.1) lib/puma/configuration.rb:227:in `call'
puma (3.12.1) lib/puma/server.rb:660:in `handle_request'
puma (3.12.1) lib/puma/server.rb:474:in `process_client'
puma (3.12.1) lib/puma/server.rb:334:in `block in run'
puma (3.12.1) lib/puma/thread_pool.rb:135:in `block in spawn_thread'
Started GET "/" for ::1 at 2019-07-02 18:28:46 -0400
Processing by SignupsController#new as HTML
  Rendering signups/new.html.erb within layouts/application
  Rendered signups/new.html.erb within layouts/application (2.8ms)
Completed 200 OK in 123ms (Views: 118.7ms | ActiveRecord: 0.0ms)


  
ActionController::RoutingError (No route matches [GET] "/assets/app/images/grey_white.jpg"):
  
actionpack (5.2.3) lib/action_dispatch/middleware/debug_exceptions.rb:65:in `call'
web-console (3.7.0) lib/web_console/middleware.rb:135:in `call_app'
web-console (3.7.0) lib/web_console/middleware.rb:30:in `block in call'
web-console (3.7.0) lib/web_console/middleware.rb:20:in `catch'
web-console (3.7.0) lib/web_console/middleware.rb:20:in `call'
actionpack (5.2.3) lib/action_dispatch/middleware/show_exceptions.rb:33:in `call'
railties (5.2.3) lib/rails/rack/logger.rb:38:in `call_app'
railties (5.2.3) lib/rails/rack/logger.rb:26:in `block in call'
activesupport (5.2.3) lib/active_support/tagged_logging.rb:71:in `block in tagged'
activesupport (5.2.3) lib/active_support/tagged_logging.rb:28:in `tagged'
activesupport (5.2.3) lib/active_support/tagged_logging.rb:71:in `tagged'
railties (5.2.3) lib/rails/rack/logger.rb:26:in `call'
sprockets-rails (3.2.1) lib/sprockets/rails/quiet_assets.rb:11:in `block in call'
activesupport (5.2.3) lib/active_support/logger_silence.rb:21:in `silence'
activesupport (5.2.3) lib/active_support/logger.rb:65:in `block (3 levels) in broadcast'
activesupport (5.2.3) lib/active_support/logger_silence.rb:21:in `silence'
activesupport (5.2.3) lib/active_support/logger.rb:63:in `block (2 levels) in broadcast'
sprockets-rails (3.2.1) lib/sprockets/rails/quiet_assets.rb:11:in `call'
actionpack (5.2.3) lib/action_dispatch/middleware/remote_ip.rb:81:in `call'
actionpack (5.2.3) lib/action_dispatch/middleware/request_id.rb:27:in `call'
rack (2.0.7) lib/rack/method_override.rb:22:in `call'
rack (2.0.7) lib/rack/runtime.rb:22:in `call'
activesupport (5.2.3) lib/active_support/cache/strategy/local_cache_middleware.rb:29:in `call'
actionpack (5.2.3) lib/action_dispatch/middleware/executor.rb:14:in `call'
actionpack (5.2.3) lib/action_dispatch/middleware/static.rb:127:in `call'
rack (2.0.7) lib/rack/sendfile.rb:111:in `call'
railties (5.2.3) lib/rails/engine.rb:524:in `call'
puma (3.12.1) lib/puma/configuration.rb:227:in `call'
puma (3.12.1) lib/puma/server.rb:660:in `handle_request'
puma (3.12.1) lib/puma/server.rb:474:in `process_client'
puma (3.12.1) lib/puma/server.rb:334:in `block in run'
puma (3.12.1) lib/puma/thread_pool.rb:135:in `block in spawn_thread'
Started GET "/" for ::1 at 2019-07-02 18:29:45 -0400
Processing by SignupsController#new as HTML
  Rendering signups/new.html.erb within layouts/application
  Rendered signups/new.html.erb within layouts/application (4.0ms)
Completed 200 OK in 109ms (Views: 106.8ms | ActiveRecord: 0.0ms)


  
ActionController::RoutingError (No route matches [GET] "/assets/assets/images/grey_white.jpg"):
  
actionpack (5.2.3) lib/action_dispatch/middleware/debug_exceptions.rb:65:in `call'
web-console (3.7.0) lib/web_console/middleware.rb:135:in `call_app'
web-console (3.7.0) lib/web_console/middleware.rb:30:in `block in call'
web-console (3.7.0) lib/web_console/middleware.rb:20:in `catch'
web-console (3.7.0) lib/web_console/middleware.rb:20:in `call'
actionpack (5.2.3) lib/action_dispatch/middleware/show_exceptions.rb:33:in `call'
railties (5.2.3) lib/rails/rack/logger.rb:38:in `call_app'
railties (5.2.3) lib/rails/rack/logger.rb:26:in `block in call'
activesupport (5.2.3) lib/active_support/tagged_logging.rb:71:in `block in tagged'
activesupport (5.2.3) lib/active_support/tagged_logging.rb:28:in `tagged'
activesupport (5.2.3) lib/active_support/tagged_logging.rb:71:in `tagged'
railties (5.2.3) lib/rails/rack/logger.rb:26:in `call'
sprockets-rails (3.2.1) lib/sprockets/rails/quiet_assets.rb:11:in `block in call'
activesupport (5.2.3) lib/active_support/logger_silence.rb:21:in `silence'
activesupport (5.2.3) lib/active_support/logger.rb:65:in `block (3 levels) in broadcast'
activesupport (5.2.3) lib/active_support/logger_silence.rb:21:in `silence'
activesupport (5.2.3) lib/active_support/logger.rb:63:in `block (2 levels) in broadcast'
sprockets-rails (3.2.1) lib/sprockets/rails/quiet_assets.rb:11:in `call'
actionpack (5.2.3) lib/action_dispatch/middleware/remote_ip.rb:81:in `call'
actionpack (5.2.3) lib/action_dispatch/middleware/request_id.rb:27:in `call'
rack (2.0.7) lib/rack/method_override.rb:22:in `call'
rack (2.0.7) lib/rack/runtime.rb:22:in `call'
activesupport (5.2.3) lib/active_support/cache/strategy/local_cache_middleware.rb:29:in `call'
actionpack (5.2.3) lib/action_dispatch/middleware/executor.rb:14:in `call'
actionpack (5.2.3) lib/action_dispatch/middleware/static.rb:127:in `call'
rack (2.0.7) lib/rack/sendfile.rb:111:in `call'
railties (5.2.3) lib/rails/engine.rb:524:in `call'
puma (3.12.1) lib/puma/configuration.rb:227:in `call'
puma (3.12.1) lib/puma/server.rb:660:in `handle_request'
puma (3.12.1) lib/puma/server.rb:474:in `process_client'
puma (3.12.1) lib/puma/server.rb:334:in `block in run'
puma (3.12.1) lib/puma/thread_pool.rb:135:in `block in spawn_thread'
Started GET "/" for ::1 at 2019-07-02 18:31:01 -0400
Processing by SignupsController#new as HTML
  Rendering signups/new.html.erb within layouts/application
  Rendered signups/new.html.erb within layouts/application (9.4ms)
Completed 200 OK in 86ms (Views: 75.4ms | ActiveRecord: 0.0ms)


  
ActionController::RoutingError (No route matches [GET] "/assets/images/grey_white.jpg"):
  
actionpack (5.2.3) lib/action_dispatch/middleware/debug_exceptions.rb:65:in `call'
web-console (3.7.0) lib/web_console/middleware.rb:135:in `call_app'
web-console (3.7.0) lib/web_console/middleware.rb:30:in `block in call'
web-console (3.7.0) lib/web_console/middleware.rb:20:in `catch'
web-console (3.7.0) lib/web_console/middleware.rb:20:in `call'
actionpack (5.2.3) lib/action_dispatch/middleware/show_exceptions.rb:33:in `call'
railties (5.2.3) lib/rails/rack/logger.rb:38:in `call_app'
railties (5.2.3) lib/rails/rack/logger.rb:26:in `block in call'
activesupport (5.2.3) lib/active_support/tagged_logging.rb:71:in `block in tagged'
activesupport (5.2.3) lib/active_support/tagged_logging.rb:28:in `tagged'
activesupport (5.2.3) lib/active_support/tagged_logging.rb:71:in `tagged'
railties (5.2.3) lib/rails/rack/logger.rb:26:in `call'
sprockets-rails (3.2.1) lib/sprockets/rails/quiet_assets.rb:11:in `block in call'
activesupport (5.2.3) lib/active_support/logger_silence.rb:21:in `silence'
activesupport (5.2.3) lib/active_support/logger.rb:65:in `block (3 levels) in broadcast'
activesupport (5.2.3) lib/active_support/logger_silence.rb:21:in `silence'
activesupport (5.2.3) lib/active_support/logger.rb:63:in `block (2 levels) in broadcast'
sprockets-rails (3.2.1) lib/sprockets/rails/quiet_assets.rb:11:in `call'
actionpack (5.2.3) lib/action_dispatch/middleware/remote_ip.rb:81:in `call'
actionpack (5.2.3) lib/action_dispatch/middleware/request_id.rb:27:in `call'
rack (2.0.7) lib/rack/method_override.rb:22:in `call'
rack (2.0.7) lib/rack/runtime.rb:22:in `call'
activesupport (5.2.3) lib/active_support/cache/strategy/local_cache_middleware.rb:29:in `call'
actionpack (5.2.3) lib/action_dispatch/middleware/executor.rb:14:in `call'
actionpack (5.2.3) lib/action_dispatch/middleware/static.rb:127:in `call'
rack (2.0.7) lib/rack/sendfile.rb:111:in `call'
railties (5.2.3) lib/rails/engine.rb:524:in `call'
puma (3.12.1) lib/puma/configuration.rb:227:in `call'
puma (3.12.1) lib/puma/server.rb:660:in `handle_request'
puma (3.12.1) lib/puma/server.rb:474:in `process_client'
puma (3.12.1) lib/puma/server.rb:334:in `block in run'
puma (3.12.1) lib/puma/thread_pool.rb:135:in `block in spawn_thread'
Started GET "/" for ::1 at 2019-07-02 18:33:45 -0400
Processing by SignupsController#new as HTML
  Rendering signups/new.html.erb within layouts/application
  Rendered signups/new.html.erb within layouts/application (2.8ms)
Completed 200 OK in 68ms (Views: 66.1ms | ActiveRecord: 0.0ms)


  
ActionController::RoutingError (No route matches [GET] "/assets/images/grey_white.jpg"):
  
actionpack (5.2.3) lib/action_dispatch/middleware/debug_exceptions.rb:65:in `call'
web-console (3.7.0) lib/web_console/middleware.rb:135:in `call_app'
web-console (3.7.0) lib/web_console/middleware.rb:30:in `block in call'
web-console (3.7.0) lib/web_console/middleware.rb:20:in `catch'
web-console (3.7.0) lib/web_console/middleware.rb:20:in `call'
actionpack (5.2.3) lib/action_dispatch/middleware/show_exceptions.rb:33:in `call'
railties (5.2.3) lib/rails/rack/logger.rb:38:in `call_app'
railties (5.2.3) lib/rails/rack/logger.rb:26:in `block in call'
activesupport (5.2.3) lib/active_support/tagged_logging.rb:71:in `block in tagged'
activesupport (5.2.3) lib/active_support/tagged_logging.rb:28:in `tagged'
activesupport (5.2.3) lib/active_support/tagged_logging.rb:71:in `tagged'
railties (5.2.3) lib/rails/rack/logger.rb:26:in `call'
sprockets-rails (3.2.1) lib/sprockets/rails/quiet_assets.rb:11:in `block in call'
activesupport (5.2.3) lib/active_support/logger_silence.rb:21:in `silence'
activesupport (5.2.3) lib/active_support/logger.rb:65:in `block (3 levels) in broadcast'
activesupport (5.2.3) lib/active_support/logger_silence.rb:21:in `silence'
activesupport (5.2.3) lib/active_support/logger.rb:63:in `block (2 levels) in broadcast'
sprockets-rails (3.2.1) lib/sprockets/rails/quiet_assets.rb:11:in `call'
actionpack (5.2.3) lib/action_dispatch/middleware/remote_ip.rb:81:in `call'
actionpack (5.2.3) lib/action_dispatch/middleware/request_id.rb:27:in `call'
rack (2.0.7) lib/rack/method_override.rb:22:in `call'
rack (2.0.7) lib/rack/runtime.rb:22:in `call'
activesupport (5.2.3) lib/active_support/cache/strategy/local_cache_middleware.rb:29:in `call'
actionpack (5.2.3) lib/action_dispatch/middleware/executor.rb:14:in `call'
actionpack (5.2.3) lib/action_dispatch/middleware/static.rb:127:in `call'
rack (2.0.7) lib/rack/sendfile.rb:111:in `call'
railties (5.2.3) lib/rails/engine.rb:524:in `call'
puma (3.12.1) lib/puma/configuration.rb:227:in `call'
puma (3.12.1) lib/puma/server.rb:660:in `handle_request'
puma (3.12.1) lib/puma/server.rb:474:in `process_client'
puma (3.12.1) lib/puma/server.rb:334:in `block in run'
puma (3.12.1) lib/puma/thread_pool.rb:135:in `block in spawn_thread'
Started GET "/" for ::1 at 2019-07-02 18:34:45 -0400
Processing by SignupsController#new as HTML
  Rendering signups/new.html.erb within layouts/application
  Rendered signups/new.html.erb within layouts/application (2.4ms)
Completed 200 OK in 68ms (Views: 65.4ms | ActiveRecord: 0.0ms)


Started GET "/images/grey_white.jpg" for ::1 at 2019-07-02 18:34:45 -0400
  
ActionController::RoutingError (No route matches [GET] "/images/grey_white.jpg"):
  
actionpack (5.2.3) lib/action_dispatch/middleware/debug_exceptions.rb:65:in `call'
web-console (3.7.0) lib/web_console/middleware.rb:135:in `call_app'
web-console (3.7.0) lib/web_console/middleware.rb:30:in `block in call'
web-console (3.7.0) lib/web_console/middleware.rb:20:in `catch'
web-console (3.7.0) lib/web_console/middleware.rb:20:in `call'
actionpack (5.2.3) lib/action_dispatch/middleware/show_exceptions.rb:33:in `call'
railties (5.2.3) lib/rails/rack/logger.rb:38:in `call_app'
railties (5.2.3) lib/rails/rack/logger.rb:26:in `block in call'
activesupport (5.2.3) lib/active_support/tagged_logging.rb:71:in `block in tagged'
activesupport (5.2.3) lib/active_support/tagged_logging.rb:28:in `tagged'
activesupport (5.2.3) lib/active_support/tagged_logging.rb:71:in `tagged'
railties (5.2.3) lib/rails/rack/logger.rb:26:in `call'
sprockets-rails (3.2.1) lib/sprockets/rails/quiet_assets.rb:13:in `call'
actionpack (5.2.3) lib/action_dispatch/middleware/remote_ip.rb:81:in `call'
actionpack (5.2.3) lib/action_dispatch/middleware/request_id.rb:27:in `call'
rack (2.0.7) lib/rack/method_override.rb:22:in `call'
rack (2.0.7) lib/rack/runtime.rb:22:in `call'
activesupport (5.2.3) lib/active_support/cache/strategy/local_cache_middleware.rb:29:in `call'
actionpack (5.2.3) lib/action_dispatch/middleware/executor.rb:14:in `call'
actionpack (5.2.3) lib/action_dispatch/middleware/static.rb:127:in `call'
rack (2.0.7) lib/rack/sendfile.rb:111:in `call'
railties (5.2.3) lib/rails/engine.rb:524:in `call'
puma (3.12.1) lib/puma/configuration.rb:227:in `call'
puma (3.12.1) lib/puma/server.rb:660:in `handle_request'
puma (3.12.1) lib/puma/server.rb:474:in `process_client'
puma (3.12.1) lib/puma/server.rb:334:in `block in run'
puma (3.12.1) lib/puma/thread_pool.rb:135:in `block in spawn_thread'
Started GET "/" for ::1 at 2019-07-02 18:34:57 -0400
Processing by SignupsController#new as HTML
  Rendering signups/new.html.erb within layouts/application
  Rendered signups/new.html.erb within layouts/application (1.8ms)
Completed 200 OK in 34ms (Views: 32.5ms | ActiveRecord: 0.0ms)


  
ActionController::RoutingError (No route matches [GET] "/assets/assets/images/grey_white.jpg"):
  
actionpack (5.2.3) lib/action_dispatch/middleware/debug_exceptions.rb:65:in `call'
web-console (3.7.0) lib/web_console/middleware.rb:135:in `call_app'
web-console (3.7.0) lib/web_console/middleware.rb:30:in `block in call'
web-console (3.7.0) lib/web_console/middleware.rb:20:in `catch'
web-console (3.7.0) lib/web_console/middleware.rb:20:in `call'
actionpack (5.2.3) lib/action_dispatch/middleware/show_exceptions.rb:33:in `call'
railties (5.2.3) lib/rails/rack/logger.rb:38:in `call_app'
railties (5.2.3) lib/rails/rack/logger.rb:26:in `block in call'
activesupport (5.2.3) lib/active_support/tagged_logging.rb:71:in `block in tagged'
activesupport (5.2.3) lib/active_support/tagged_logging.rb:28:in `tagged'
activesupport (5.2.3) lib/active_support/tagged_logging.rb:71:in `tagged'
railties (5.2.3) lib/rails/rack/logger.rb:26:in `call'
sprockets-rails (3.2.1) lib/sprockets/rails/quiet_assets.rb:11:in `block in call'
activesupport (5.2.3) lib/active_support/logger_silence.rb:21:in `silence'
activesupport (5.2.3) lib/active_support/logger.rb:65:in `block (3 levels) in broadcast'
activesupport (5.2.3) lib/active_support/logger_silence.rb:21:in `silence'
activesupport (5.2.3) lib/active_support/logger.rb:63:in `block (2 levels) in broadcast'
sprockets-rails (3.2.1) lib/sprockets/rails/quiet_assets.rb:11:in `call'
actionpack (5.2.3) lib/action_dispatch/middleware/remote_ip.rb:81:in `call'
actionpack (5.2.3) lib/action_dispatch/middleware/request_id.rb:27:in `call'
rack (2.0.7) lib/rack/method_override.rb:22:in `call'
rack (2.0.7) lib/rack/runtime.rb:22:in `call'
activesupport (5.2.3) lib/active_support/cache/strategy/local_cache_middleware.rb:29:in `call'
actionpack (5.2.3) lib/action_dispatch/middleware/executor.rb:14:in `call'
actionpack (5.2.3) lib/action_dispatch/middleware/static.rb:127:in `call'
rack (2.0.7) lib/rack/sendfile.rb:111:in `call'
railties (5.2.3) lib/rails/engine.rb:524:in `call'
puma (3.12.1) lib/puma/configuration.rb:227:in `call'
puma (3.12.1) lib/puma/server.rb:660:in `handle_request'
puma (3.12.1) lib/puma/server.rb:474:in `process_client'
puma (3.12.1) lib/puma/server.rb:334:in `block in run'
puma (3.12.1) lib/puma/thread_pool.rb:135:in `block in spawn_thread'
Started GET "/" for ::1 at 2019-07-02 18:35:37 -0400
Processing by SignupsController#new as HTML
  Rendering signups/new.html.erb within layouts/application
  Rendered signups/new.html.erb within layouts/application (17.7ms)
Completed 200 OK in 117ms (Views: 114.0ms | ActiveRecord: 0.0ms)


Started GET "/" for ::1 at 2019-07-02 18:43:26 -0400
Processing by SignupsController#new as HTML
  Rendering signups/new.html.erb within layouts/application
  Rendered signups/new.html.erb within layouts/application (18.9ms)
Completed 200 OK in 255ms (Views: 241.9ms | ActiveRecord: 0.0ms)


Started GET "/" for ::1 at 2019-07-02 18:46:20 -0400
Processing by SignupsController#new as HTML
  Rendering signups/new.html.erb within layouts/application
  Rendered signups/new.html.erb within layouts/application (1.6ms)
Completed 200 OK in 61ms (Views: 58.8ms | ActiveRecord: 0.0ms)


Started GET "/" for ::1 at 2019-07-02 18:48:15 -0400
Processing by SignupsController#new as HTML
  Rendering signups/new.html.erb within layouts/application
  Rendered signups/new.html.erb within layouts/application (2.2ms)
Completed 200 OK in 53ms (Views: 50.6ms | ActiveRecord: 0.0ms)


Started GET "/" for ::1 at 2019-07-02 18:48:27 -0400
Processing by SignupsController#new as HTML
  Rendering signups/new.html.erb within layouts/application
  Rendered signups/new.html.erb within layouts/application (2.0ms)
Completed 200 OK in 75ms (Views: 71.1ms | ActiveRecord: 0.0ms)


Started GET "/" for ::1 at 2019-07-02 18:48:45 -0400
Processing by SignupsController#new as HTML
  Rendering signups/new.html.erb within layouts/application
  Rendered signups/new.html.erb within layouts/application (1.9ms)
Completed 200 OK in 35ms (Views: 33.3ms | ActiveRecord: 0.0ms)


Started GET "/" for ::1 at 2019-07-02 18:56:57 -0400
Processing by SignupsController#new as HTML
  Rendering signups/new.html.erb within layouts/application
  Rendered signups/new.html.erb within layouts/application (9.6ms)
Completed 200 OK in 266ms (Views: 255.2ms | ActiveRecord: 0.0ms)


Started GET "/" for ::1 at 2019-07-02 18:59:34 -0400
Processing by SignupsController#new as HTML
  Rendering signups/new.html.erb within layouts/application
  Rendered signups/new.html.erb within layouts/application (4.5ms)
Completed 200 OK in 52ms (Views: 48.6ms | ActiveRecord: 0.0ms)


Started GET "/" for ::1 at 2019-07-02 19:00:28 -0400
Processing by SignupsController#new as HTML
  Rendering signups/new.html.erb within layouts/application
  Rendered signups/new.html.erb within layouts/application (3.7ms)
Completed 200 OK in 90ms (Views: 87.6ms | ActiveRecord: 0.0ms)


Started GET "/" for ::1 at 2019-07-02 19:00:54 -0400
Processing by SignupsController#new as HTML
  Rendering signups/new.html.erb within layouts/application
  Rendered signups/new.html.erb within layouts/application (2.1ms)
Completed 200 OK in 60ms (Views: 58.2ms | ActiveRecord: 0.0ms)


Started GET "/" for ::1 at 2019-07-02 19:01:12 -0400
Processing by SignupsController#new as HTML
  Rendering signups/new.html.erb within layouts/application
  Rendered signups/new.html.erb within layouts/application (1.8ms)
Completed 200 OK in 76ms (Views: 73.6ms | ActiveRecord: 0.0ms)


Started GET "/" for ::1 at 2019-07-02 19:01:41 -0400
Processing by SignupsController#new as HTML
  Rendering signups/new.html.erb within layouts/application
  Rendered signups/new.html.erb within layouts/application (2.3ms)
Completed 200 OK in 61ms (Views: 59.3ms | ActiveRecord: 0.0ms)


Started POST "/signups" for ::1 at 2019-07-02 19:02:19 -0400
Processing by SignupsController#create as HTML
  Parameters: {"utf8"=>"✓", "authenticity_token"=>"gxJ+5RmEyaWlrcc4RzAjV8irwHusewo0ebqulhJgc+NvrIFJ54GGmCyjW16ZIbkD8/L+majv/Mn41KxltClSzg==", "signup"=>{"email"=>"kyaw@un.org"}, "commit"=>"Join"}
  [1m[35m (0.2ms)[0m  [1m[36mbegin transaction[0m
  ↳ app/controllers/signups_controller.rb:8
  [1m[36mSignup Create (2.3ms)[0m  [1m[32mINSERT INTO "signups" ("email", "created_at", "updated_at") VALUES (?, ?, ?)[0m  [["email", "kyaw@un.org"], ["created_at", "2019-07-02 23:02:19.358688"], ["updated_at", "2019-07-02 23:02:19.358688"]]
  ↳ app/controllers/signups_controller.rb:8
  [1m[35m (1.0ms)[0m  [1m[36mcommit transaction[0m
  ↳ app/controllers/signups_controller.rb:8
Redirected to http://localhost:3000/thanks
Completed 302 Found in 10ms (ActiveRecord: 3.4ms)


Started GET "/thanks" for ::1 at 2019-07-02 19:02:19 -0400
Processing by PagesController#thanks as HTML
  Rendering pages/thanks.html.erb within layouts/application
  Rendered pages/thanks.html.erb within layouts/application (0.3ms)
Completed 200 OK in 31ms (Views: 29.0ms | ActiveRecord: 0.0ms)


Started GET "/" for ::1 at 2019-07-02 19:08:21 -0400
Processing by SignupsController#new as HTML
  Rendering signups/new.html.erb within layouts/application
  Rendered signups/new.html.erb within layouts/application (8.3ms)
Completed 200 OK in 85ms (Views: 74.2ms | ActiveRecord: 0.0ms)


Started GET "/" for ::1 at 2019-07-02 19:10:39 -0400
Processing by SignupsController#new as HTML
  Rendering signups/new.html.erb within layouts/application
  Rendered signups/new.html.erb within layouts/application (2.1ms)
Completed 200 OK in 57ms (Views: 55.1ms | ActiveRecord: 0.0ms)


Started GET "/" for ::1 at 2019-07-02 19:10:47 -0400
Processing by SignupsController#new as HTML
  Rendering signups/new.html.erb within layouts/application
  Rendered signups/new.html.erb within layouts/application (1.5ms)
Completed 200 OK in 23ms (Views: 21.2ms | ActiveRecord: 0.0ms)


Started GET "/" for ::1 at 2019-07-02 19:12:24 -0400
Processing by SignupsController#new as HTML
  Rendering signups/new.html.erb within layouts/application
  Rendered signups/new.html.erb within layouts/application (16.1ms)
Completed 200 OK in 150ms (Views: 121.0ms | ActiveRecord: 0.0ms)


Started GET "/" for ::1 at 2019-07-02 19:14:03 -0400
Processing by SignupsController#new as HTML
  Rendering signups/new.html.erb within layouts/application
  Rendered signups/new.html.erb within layouts/application (11.4ms)
Completed 200 OK in 162ms (Views: 148.3ms | ActiveRecord: 0.0ms)


Started GET "/" for ::1 at 2019-07-02 19:15:45 -0400
Processing by SignupsController#new as HTML
  Rendering signups/new.html.erb within layouts/application
  Rendered signups/new.html.erb within layouts/application (1.8ms)
Completed 200 OK in 58ms (Views: 55.2ms | ActiveRecord: 0.0ms)


Started GET "/" for ::1 at 2019-07-02 19:16:20 -0400
Processing by SignupsController#new as HTML
  Rendering signups/new.html.erb within layouts/application
  Rendered signups/new.html.erb within layouts/application (3.9ms)
Completed 200 OK in 42ms (Views: 40.0ms | ActiveRecord: 0.0ms)


Started GET "/" for ::1 at 2019-07-02 19:22:47 -0400
Processing by SignupsController#new as HTML
  Rendering signups/new.html.erb within layouts/application
  Rendered signups/new.html.erb within layouts/application (11.4ms)
Completed 200 OK in 174ms (Views: 165.6ms | ActiveRecord: 0.0ms)


Started GET "/" for ::1 at 2019-07-02 19:22:53 -0400
Processing by SignupsController#new as HTML
  Rendering signups/new.html.erb within layouts/application
  Rendered signups/new.html.erb within layouts/application (4.2ms)
Completed 200 OK in 42ms (Views: 40.2ms | ActiveRecord: 0.0ms)


Started GET "/" for ::1 at 2019-07-02 19:24:47 -0400
Processing by SignupsController#new as HTML
  Rendering signups/new.html.erb within layouts/application
  Rendered signups/new.html.erb within layouts/application (4.5ms)
Completed 200 OK in 93ms (Views: 91.3ms | ActiveRecord: 0.0ms)


Started GET "/" for ::1 at 2019-07-02 19:25:21 -0400
Processing by SignupsController#new as HTML
  Rendering signups/new.html.erb within layouts/application
  Rendered signups/new.html.erb within layouts/application (2.3ms)
Completed 200 OK in 70ms (Views: 67.2ms | ActiveRecord: 0.0ms)


Started GET "/" for ::1 at 2019-07-02 19:25:28 -0400
Processing by SignupsController#new as HTML
  Rendering signups/new.html.erb within layouts/application
  Rendered signups/new.html.erb within layouts/application (1.8ms)
Completed 200 OK in 37ms (Views: 35.4ms | ActiveRecord: 0.0ms)


Started GET "/" for ::1 at 2019-07-02 19:25:54 -0400
Processing by SignupsController#new as HTML
  Rendering signups/new.html.erb within layouts/application
  Rendered signups/new.html.erb within layouts/application (2.3ms)
Completed 200 OK in 124ms (Views: 121.5ms | ActiveRecord: 0.0ms)


Started GET "/" for ::1 at 2019-07-02 19:25:59 -0400
Processing by SignupsController#new as HTML
  Rendering signups/new.html.erb within layouts/application
  Rendered signups/new.html.erb within layouts/application (1.7ms)
Completed 200 OK in 43ms (Views: 40.7ms | ActiveRecord: 0.0ms)


Started GET "/" for ::1 at 2019-07-02 19:26:07 -0400
Processing by SignupsController#new as HTML
  Rendering signups/new.html.erb within layouts/application
  Rendered signups/new.html.erb within layouts/application (1.6ms)
Completed 200 OK in 22ms (Views: 20.3ms | ActiveRecord: 0.0ms)


Started GET "/" for ::1 at 2019-07-02 19:26:14 -0400
Processing by SignupsController#new as HTML
  Rendering signups/new.html.erb within layouts/application
  Rendered signups/new.html.erb within layouts/application (3.4ms)
Completed 200 OK in 40ms (Views: 38.5ms | ActiveRecord: 0.0ms)


Started GET "/" for ::1 at 2019-07-02 19:26:26 -0400
Processing by SignupsController#new as HTML
  Rendering signups/new.html.erb within layouts/application
  Rendered signups/new.html.erb within layouts/application (2.0ms)
Completed 200 OK in 55ms (Views: 52.2ms | ActiveRecord: 0.0ms)


Started GET "/" for ::1 at 2019-07-02 19:26:32 -0400
Processing by SignupsController#new as HTML
  Rendering signups/new.html.erb within layouts/application
  Rendered signups/new.html.erb within layouts/application (1.7ms)
Completed 200 OK in 27ms (Views: 24.3ms | ActiveRecord: 0.0ms)


Started GET "/" for ::1 at 2019-07-02 19:26:35 -0400
Processing by SignupsController#new as HTML
  Rendering signups/new.html.erb within layouts/application
  Rendered signups/new.html.erb within layouts/application (2.1ms)
Completed 200 OK in 65ms (Views: 62.1ms | ActiveRecord: 0.0ms)


Started GET "/" for ::1 at 2019-07-02 19:26:45 -0400
Processing by SignupsController#new as HTML
  Rendering signups/new.html.erb within layouts/application
  Rendered signups/new.html.erb within layouts/application (6.0ms)
Completed 200 OK in 79ms (Views: 76.6ms | ActiveRecord: 0.0ms)


Started GET "/" for ::1 at 2019-07-02 19:27:35 -0400
Processing by SignupsController#new as HTML
  Rendering signups/new.html.erb within layouts/application
  Rendered signups/new.html.erb within layouts/application (4.7ms)
Completed 200 OK in 53ms (Views: 51.2ms | ActiveRecord: 0.0ms)


Started GET "/" for ::1 at 2019-07-02 19:27:42 -0400
Processing by SignupsController#new as HTML
  Rendering signups/new.html.erb within layouts/application
  Rendered signups/new.html.erb within layouts/application (1.5ms)
Completed 200 OK in 24ms (Views: 22.1ms | ActiveRecord: 0.0ms)


Started GET "/" for ::1 at 2019-07-02 19:27:46 -0400
Processing by SignupsController#new as HTML
  Rendering signups/new.html.erb within layouts/application
  Rendered signups/new.html.erb within layouts/application (1.8ms)
Completed 200 OK in 45ms (Views: 43.6ms | ActiveRecord: 0.0ms)


Started GET "/" for ::1 at 2019-07-02 19:27:53 -0400
Processing by SignupsController#new as HTML
  Rendering signups/new.html.erb within layouts/application
  Rendered signups/new.html.erb within layouts/application (3.2ms)
Completed 200 OK in 68ms (Views: 66.0ms | ActiveRecord: 0.0ms)


Started GET "/" for ::1 at 2019-07-02 19:28:03 -0400
Processing by SignupsController#new as HTML
  Rendering signups/new.html.erb within layouts/application
  Rendered signups/new.html.erb within layouts/application (1.6ms)
Completed 200 OK in 67ms (Views: 64.9ms | ActiveRecord: 0.0ms)


Started POST "/signups" for ::1 at 2019-07-02 19:28:29 -0400
Processing by SignupsController#create as HTML
  Parameters: {"utf8"=>"✓", "authenticity_token"=>"BbzHBA9jovXmHZB5z27OMf3HushrMQbmbhtCQqO0LqL7IvwImSiwyNCtdvG1W3LsUorzsavS+r8+g8YZAJR7XQ==", "signup"=>{"email"=>"pp@un.org"}, "commit"=>"Join"}
  [1m[35m (0.4ms)[0m  [1m[36mbegin transaction[0m
  ↳ app/controllers/signups_controller.rb:8
  [1m[36mSignup Create (3.6ms)[0m  [1m[32mINSERT INTO "signups" ("email", "created_at", "updated_at") VALUES (?, ?, ?)[0m  [["email", "pp@un.org"], ["created_at", "2019-07-02 23:28:29.982327"], ["updated_at", "2019-07-02 23:28:29.982327"]]
  ↳ app/controllers/signups_controller.rb:8
  [1m[35m (1.2ms)[0m  [1m[36mcommit transaction[0m
  ↳ app/controllers/signups_controller.rb:8
Redirected to http://localhost:3000/thanks
Completed 302 Found in 12ms (ActiveRecord: 5.3ms)


Started GET "/thanks" for ::1 at 2019-07-02 19:28:29 -0400
Processing by PagesController#thanks as HTML
  Rendering pages/thanks.html.erb within layouts/application
  Rendered pages/thanks.html.erb within layouts/application (0.5ms)
Completed 200 OK in 32ms (Views: 29.6ms | ActiveRecord: 0.0ms)


Started GET "/" for ::1 at 2019-07-02 19:28:48 -0400
Processing by SignupsController#new as HTML
  Rendering signups/new.html.erb within layouts/application
  Rendered signups/new.html.erb within layouts/application (2.8ms)
Completed 200 OK in 46ms (Views: 44.0ms | ActiveRecord: 0.0ms)


Started GET "/" for ::1 at 2019-07-02 19:28:54 -0400
Processing by SignupsController#new as HTML
  Rendering signups/new.html.erb within layouts/application
  Rendered signups/new.html.erb within layouts/application (2.6ms)
Completed 200 OK in 42ms (Views: 40.5ms | ActiveRecord: 0.0ms)


Started GET "/" for ::1 at 2019-07-02 19:40:28 -0400
Processing by SignupsController#new as HTML
  Rendering signups/new.html.erb within layouts/application
  Rendered signups/new.html.erb within layouts/application (11.5ms)
Completed 200 OK in 85ms (Views: 73.2ms | ActiveRecord: 0.0ms)


Started POST "/signups" for ::1 at 2019-07-02 19:40:33 -0400
Processing by SignupsController#create as HTML
  Parameters: {"utf8"=>"✓", "authenticity_token"=>"PPN8FEGY4Ryb0sbccbpoIiAiJLcP4mYOIHOnjykSEanCbUcY19PzIa1iIFQLj9T/j29tzs8Bmldw6yPUijJEVg==", "signup"=>{"email"=>"new@un.org"}, "commit"=>"Join"}
  [1m[35m (0.2ms)[0m  [1m[36mbegin transaction[0m
  ↳ app/controllers/signups_controller.rb:8
  [1m[36mSignup Create (1.9ms)[0m  [1m[32mINSERT INTO "signups" ("email", "created_at", "updated_at") VALUES (?, ?, ?)[0m  [["email", "new@un.org"], ["created_at", "2019-07-02 23:40:33.143168"], ["updated_at", "2019-07-02 23:40:33.143168"]]
  ↳ app/controllers/signups_controller.rb:8
  [1m[35m (1.3ms)[0m  [1m[36mcommit transaction[0m
  ↳ app/controllers/signups_controller.rb:8
Redirected to http://localhost:3000/thanks
Completed 302 Found in 16ms (ActiveRecord: 3.4ms)


Started GET "/thanks" for ::1 at 2019-07-02 19:40:33 -0400
Processing by PagesController#thanks as HTML
  Rendering pages/thanks.html.erb within layouts/application
  Rendered pages/thanks.html.erb within layouts/application (0.6ms)
Completed 200 OK in 29ms (Views: 26.7ms | ActiveRecord: 0.0ms)


Started GET "/" for ::1 at 2019-07-02 19:41:19 -0400
Processing by SignupsController#new as HTML
  Rendering signups/new.html.erb within layouts/application
  Rendered signups/new.html.erb within layouts/application (8.4ms)
Completed 200 OK in 98ms (Views: 95.7ms | ActiveRecord: 0.0ms)


